Using pre-set license
Built from '2021.1/release' branch; Version is '2021.1.0f1 (61a549675243) revision 6399305'; Using compiler version '192528614'; Build Type 'Release'
OS: 'Windows 7  (6.1.0) 64bit' Language: 'es' Physical Memory: 3019 MB
BatchMode: 1, IsHumanControllingUs: 0, StartBugReporterOnCrash: 0, Is64bit: 1, IsPro: 0

 COMMAND LINE ARGUMENTS:
C:\Program Files\Unity\Hub\Editor\2021.1.0f1\Editor\Unity.exe
-adb2
-batchMode
-noUpm
-name
AssetImportWorker2
-projectPath
C:/Codigo/Unity/Rav tarea hito3/New Unity Project
-logFile
Logs/AssetImportWorker2.log
-srvPort
7980
Successfully changed project path to: C:/Codigo/Unity/Rav tarea hito3/New Unity Project
C:/Codigo/Unity/Rav tarea hito3/New Unity Project
Using Asset Import Pipeline V2.
Refreshing native plugins compatible for Editor in 127.52 ms, found 1 plugins.
Preloading 0 native plugins for Editor in 0.00 ms.
Initialize engine version: 2021.1.0f1 (61a549675243)
[Subsystems] Discovering subsystems at path C:/Program Files/Unity/Hub/Editor/2021.1.0f1/Editor/Data/Resources/UnitySubsystems
[Subsystems] Discovering subsystems at path C:/Codigo/Unity/Rav tarea hito3/New Unity Project/Assets
GfxDevice: creating device client; threaded=0; jobified=0
d3d11: CreateDXGIFactory2(...) not found, fallbacking to CreateDXGIFactory1(...).
d3d11: QueryInterface(IDXGIFactory5) failed (80004002).
Direct3D:
    Version:  Direct3D 11.0 [level 10.1]
    Renderer: Intel(R) HD Graphics 3000 (ID=0x116)
    Vendor:   Intel
    VRAM:     1253 MB
    Driver:   9.17.10.4101
Initialize mono
Mono path[0] = 'C:/Program Files/Unity/Hub/Editor/2021.1.0f1/Editor/Data/Managed'
Mono path[1] = 'C:/Program Files/Unity/Hub/Editor/2021.1.0f1/Editor/Data/MonoBleedingEdge/lib/mono/unityjit'
Mono config path = 'C:/Program Files/Unity/Hub/Editor/2021.1.0f1/Editor/Data/MonoBleedingEdge/etc'
Using monoOptions --debugger-agent=transport=dt_socket,embedding=1,server=y,suspend=n,address=127.0.0.1:56860
Begin MonoManager ReloadAssembly
Registering precompiled unity dll's ...
Register platform support module: C:/Program Files/Unity/Hub/Editor/2021.1.0f1/Editor/Data/PlaybackEngines/WindowsStandaloneSupport/UnityEditor.WindowsStandalone.Extensions.dll
Registered in 0.015471 seconds.
Native extension for WindowsStandalone target not found
Refreshing native plugins compatible for Editor in 207.39 ms, found 1 plugins.
Preloading 0 native plugins for Editor in 0.00 ms.
Mono: successfully reloaded assembly
- Completed reload, in 20.920 seconds
Platform modules already initialized, skipping
Registering precompiled user dll's ...
Registered in 0.003452 seconds.
Begin MonoManager ReloadAssembly
Native extension for WindowsStandalone target not found
Refreshing native plugins compatible for Editor in 0.78 ms, found 1 plugins.
Preloading 0 native plugins for Editor in 0.00 ms.
Mono: successfully reloaded assembly
- Completed reload, in  3.432 seconds
Platform modules already initialized, skipping
========================================================================
Worker process is ready to serve import requests
Launched and connected shader compiler UnityShaderCompiler.exe after 0.50 seconds
Refreshing native plugins compatible for Editor in 0.78 ms, found 1 plugins.
Preloading 0 native plugins for Editor in 0.00 ms.
Unloading 2665 Unused Serialized files (Serialized files now loaded: 0)
System memory in use before: 98.0 MB.
System memory in use after: 98.2 MB.

Unloading 14 unused Assets to reduce memory usage. Loaded Objects now: 3117.
Total: 3.784826 ms (FindLiveObjects: 0.460944 ms CreateObjectMapping: 0.261930 ms MarkObjects: 2.966908 ms  DeleteObjects: 0.090582 ms)

========================================================================
Received Import Request.
  path: Assets/Wraith Raider Starship.obj
  artifactKey: Guid(c605ac6f546fb774ea7e858f00b8b103) Importer(815301076,1909f56bfc062723c751e8b465ee728b)
Start importing Assets/Wraith Raider Starship.obj using Guid(c605ac6f546fb774ea7e858f00b8b103) Importer(815301076,1909f56bfc062723c751e8b465ee728b)  -> (artifact id: 'e42a9f07c4bf694e83182156ba3381a6') in 3.730661 seconds 
========================================================================
Received Import Request.
  Time since last request: 1815.782041 seconds.
  path: Assets/Maps
  artifactKey: Guid(905e25bc23a3d2945beef805cd38d541) Importer(815301076,1909f56bfc062723c751e8b465ee728b)
Start importing Assets/Maps using Guid(905e25bc23a3d2945beef805cd38d541) Importer(815301076,1909f56bfc062723c751e8b465ee728b)  -> (artifact id: '2aca9c159ab8c78ca47df9afd14f0543') in 0.468530 seconds 
========================================================================
Received Import Request.
  Time since last request: 0.139189 seconds.
  path: Assets/Maps/yx1_02_01_01.jpg
  artifactKey: Guid(a20763d197035524482aa38e2b6792c5) Importer(815301076,1909f56bfc062723c751e8b465ee728b)
Start importing Assets/Maps/yx1_02_01_01.jpg using Guid(a20763d197035524482aa38e2b6792c5) Importer(815301076,1909f56bfc062723c751e8b465ee728b)  -> (artifact id: '831affdb9c5d5a7bda867edf280fe844') in 3.291011 seconds 
========================================================================
Received Import Request.
  Time since last request: 0.000525 seconds.
  path: Assets/Maps/d17.jpg
  artifactKey: Guid(910087f5bcf8a7e4a9582ab997a1a9db) Importer(815301076,1909f56bfc062723c751e8b465ee728b)
Start importing Assets/Maps/d17.jpg using Guid(910087f5bcf8a7e4a9582ab997a1a9db) Importer(815301076,1909f56bfc062723c751e8b465ee728b)  -> (artifact id: '4011f1fb1024ace94f360ff30983ec07') in 0.332062 seconds 
========================================================================
Received Import Request.
  Time since last request: 0.000348 seconds.
  path: Assets/Maps/door_mtl1_diffcol.jpg
  artifactKey: Guid(089090ae7dc0f3d4fb1b128bedb24f84) Importer(815301076,1909f56bfc062723c751e8b465ee728b)
Start importing Assets/Maps/door_mtl1_diffcol.jpg using Guid(089090ae7dc0f3d4fb1b128bedb24f84) Importer(815301076,1909f56bfc062723c751e8b465ee728b)  -> (artifact id: '8547f9e8627877d6983ce1612f68a3c5') in 0.091801 seconds 
========================================================================
Received Import Request.
  Time since last request: 0.000772 seconds.
  path: Assets/Maps/d17b.jpg
  artifactKey: Guid(efed444d020cfc44b9501c9d7d4bf75e) Importer(815301076,1909f56bfc062723c751e8b465ee728b)
Start importing Assets/Maps/d17b.jpg using Guid(efed444d020cfc44b9501c9d7d4bf75e) Importer(815301076,1909f56bfc062723c751e8b465ee728b)  -> (artifact id: 'cdc705b4ce29ad91265fba83185abd32') in 0.300111 seconds 
========================================================================
Received Import Request.
  Time since last request: 0.000336 seconds.
  path: Assets/Maps/cockpit_mtl1_diffcol.jpg
  artifactKey: Guid(6b54cc1fcc9a1ea4c9daec0053ab7cc0) Importer(815301076,1909f56bfc062723c751e8b465ee728b)
Start importing Assets/Maps/cockpit_mtl1_diffcol.jpg using Guid(6b54cc1fcc9a1ea4c9daec0053ab7cc0) Importer(815301076,1909f56bfc062723c751e8b465ee728b)  -> (artifact id: '453c95998575d8cf7b6113609c75d69c') in 0.672941 seconds 
========================================================================
Received Import Request.
  Time since last request: 0.000280 seconds.
  path: Assets/Maps/d10.jpg
  artifactKey: Guid(13489cd97615d7642a9c815066504bdb) Importer(815301076,1909f56bfc062723c751e8b465ee728b)
Start importing Assets/Maps/d10.jpg using Guid(13489cd97615d7642a9c815066504bdb) Importer(815301076,1909f56bfc062723c751e8b465ee728b)  -> (artifact id: 'e19bcd8afd438c684ae3556a95728e50') in 0.457424 seconds 
========================================================================
Received Import Request.
  Time since last request: 0.000304 seconds.
  path: Assets/Maps/door_mtl2_diffcol.jpg
  artifactKey: Guid(d295a5c0940cdab40879aa85d2a53305) Importer(815301076,1909f56bfc062723c751e8b465ee728b)
Start importing Assets/Maps/door_mtl2_diffcol.jpg using Guid(d295a5c0940cdab40879aa85d2a53305) Importer(815301076,1909f56bfc062723c751e8b465ee728b)  -> (artifact id: 'e22535c93c20e71773688fceb0efcad9') in 0.303221 seconds 
========================================================================
Received Import Request.
  Time since last request: 0.000369 seconds.
  path: Assets/Maps/vj2c.jpg
  artifactKey: Guid(f361a64c20476ce438491d610f353554) Importer(815301076,1909f56bfc062723c751e8b465ee728b)
Start importing Assets/Maps/vj2c.jpg using Guid(f361a64c20476ce438491d610f353554) Importer(815301076,1909f56bfc062723c751e8b465ee728b)  -> (artifact id: 'baf0e25a85133562d259a120c4c8dcb9') in 0.259013 seconds 
========================================================================
Received Import Request.
  Time since last request: 0.000299 seconds.
  path: Assets/Maps/bmq1.jpg
  artifactKey: Guid(0cf2bcf7183e44c47aa124116aa592f7) Importer(815301076,1909f56bfc062723c751e8b465ee728b)
Start importing Assets/Maps/bmq1.jpg using Guid(0cf2bcf7183e44c47aa124116aa592f7) Importer(815301076,1909f56bfc062723c751e8b465ee728b)  -> (artifact id: '60bb8d08fb9f323a3c0ec490298e24e8') in 0.814005 seconds 
========================================================================
Received Prepare
Registering precompiled user dll's ...
Registered in 0.492375 seconds.
Begin MonoManager ReloadAssembly
Native extension for WindowsStandalone target not found
Refreshing native plugins compatible for Editor in 0.77 ms, found 1 plugins.
Preloading 0 native plugins for Editor in 0.00 ms.
Mono: successfully reloaded assembly
- Completed reload, in  6.000 seconds
Platform modules already initialized, skipping
Refreshing native plugins compatible for Editor in 0.77 ms, found 1 plugins.
Preloading 0 native plugins for Editor in 0.00 ms.
Unloading 2668 Unused Serialized files (Serialized files now loaded: 0)
System memory in use before: 108.5 MB.
System memory in use after: 108.7 MB.

Unloading 9 unused Assets to reduce memory usage. Loaded Objects now: 3301.
Total: 3.499693 ms (FindLiveObjects: 0.320385 ms CreateObjectMapping: 0.149929 ms MarkObjects: 2.992342 ms  DeleteObjects: 0.034359 ms)

========================================================================
Received Prepare
Registering precompiled user dll's ...
Registered in 0.091006 seconds.
Begin MonoManager ReloadAssembly
Native extension for WindowsStandalone target not found
Refreshing native plugins compatible for Editor in 0.81 ms, found 1 plugins.
Preloading 0 native plugins for Editor in 0.00 ms.
Mono: successfully reloaded assembly
- Completed reload, in  1.909 seconds
Platform modules already initialized, skipping
Refreshing native plugins compatible for Editor in 0.77 ms, found 1 plugins.
Preloading 0 native plugins for Editor in 0.00 ms.
Unloading 2660 Unused Serialized files (Serialized files now loaded: 0)
System memory in use before: 108.2 MB.
System memory in use after: 108.5 MB.

Unloading 9 unused Assets to reduce memory usage. Loaded Objects now: 3305.
Total: 3.551454 ms (FindLiveObjects: 0.333772 ms CreateObjectMapping: 0.150376 ms MarkObjects: 3.036071 ms  DeleteObjects: 0.029450 ms)

========================================================================
Received Prepare
Registering precompiled user dll's ...
Registered in 0.022319 seconds.
Begin MonoManager ReloadAssembly
Native extension for WindowsStandalone target not found
Refreshing native plugins compatible for Editor in 0.94 ms, found 1 plugins.
Preloading 0 native plugins for Editor in 0.00 ms.
Mono: successfully reloaded assembly
- Completed reload, in  1.747 seconds
Platform modules already initialized, skipping
Refreshing native plugins compatible for Editor in 0.73 ms, found 1 plugins.
Preloading 0 native plugins for Editor in 0.00 ms.
Unloading 2660 Unused Serialized files (Serialized files now loaded: 0)
System memory in use before: 108.3 MB.
System memory in use after: 108.5 MB.

Unloading 9 unused Assets to reduce memory usage. Loaded Objects now: 3308.
Total: 3.555470 ms (FindLiveObjects: 0.308783 ms CreateObjectMapping: 0.131188 ms MarkObjects: 3.086494 ms  DeleteObjects: 0.027219 ms)

========================================================================
Received Prepare
Registering precompiled user dll's ...
Registered in 0.199313 seconds.
Begin MonoManager ReloadAssembly
Native extension for WindowsStandalone target not found
Refreshing native plugins compatible for Editor in 13.95 ms, found 1 plugins.
Preloading 0 native plugins for Editor in 0.00 ms.
Mono: successfully reloaded assembly
- Completed reload, in 121.508 seconds
Platform modules already initialized, skipping
Refreshing native plugins compatible for Editor in 1.17 ms, found 1 plugins.
Preloading 0 native plugins for Editor in 0.00 ms.
Unloading 2660 Unused Serialized files (Serialized files now loaded: 0)
System memory in use before: 108.4 MB.
System memory in use after: 108.6 MB.

Unloading 9 unused Assets to reduce memory usage. Loaded Objects now: 3311.
Total: 84.151029 ms (FindLiveObjects: 1.226209 ms CreateObjectMapping: 0.424800 ms MarkObjects: 82.349644 ms  DeleteObjects: 0.142790 ms)

========================================================================
Received Prepare
Refreshing native plugins compatible for Editor in 2010.73 ms, found 1 plugins.
Preloading 0 native plugins for Editor in 0.00 ms.
Unloading 7 Unused Serialized files (Serialized files now loaded: 0)
System memory in use before: 55.8 MB.
System memory in use after: 56.0 MB.

Unloading 7 unused Assets to reduce memory usage. Loaded Objects now: 3311.
Total: 5.644219 ms (FindLiveObjects: 0.688962 ms CreateObjectMapping: 0.280672 ms MarkObjects: 4.639335 ms  DeleteObjects: 0.029897 ms)

